<?xml version="1.0" encoding="UTF-8"?>
<testsuite name="com.justin.featurethree.ExampleUnitTest" tests="1" skipped="0" failures="0" errors="0" timestamp="2023-03-30T13:49:51" hostname="Justin-Georges-MacBook-Pro.local" time="0.001">
  <properties/>
  <testcase name="addition_isCorrect" classname="com.justin.featurethree.ExampleUnitTest" time="0.001"/>
  <system-out><![CDATA[]]></system-out>
  <system-err><![CDATA[]]></system-err>
</testsuite>
