<?xml version="1.0" encoding="UTF-8"?>
<testsuite name="com.justin.feature_two.FeatureTwoTest" tests="1" skipped="0" failures="0" errors="0" timestamp="2023-03-30T08:34:23" hostname="Justin-Georges-MacBook-Pro.local" time="0.001">
  <properties/>
  <testcase name="featureTwoTestTwiceTest" classname="com.justin.feature_two.FeatureTwoTest" time="0.001"/>
  <system-out><![CDATA[]]></system-out>
  <system-err><![CDATA[]]></system-err>
</testsuite>
